<?xml version="1.0" encoding="UTF-8"?>
<!-- Generated by org.testng.reporters.JUnitReportReporter -->
<testsuite skipped="0" hostname="DESKTOP-AIPH8JB" name="com.googleSearch.TestCases.HomePageTests" tests="1" failures="0" timestamp="2021-05-20T16:15:30 IST" time="16.174" errors="0">
  <testcase name="SearhItem" time="16.174" classname="com.googleSearch.TestCases.HomePageTests"/>
  <system-out/>
</testsuite> <!-- com.googleSearch.TestCases.HomePageTests -->
