<?xml version="1.0" encoding="UTF-8"?>
<!-- Generated by org.testng.reporters.JUnitReportReporter -->
<testsuite skipped="0" hostname="DESKTOP-AIPH8JB" name="com.pezala.TestCases.HomePageTests" tests="1" failures="0" timestamp="25 Apr 2021 11:08:13 GMT" time="29.300" errors="0">
  <testcase name="test2" time="29.300" classname="com.pezala.TestCases.HomePageTests"/>
</testsuite> <!-- com.pezala.TestCases.HomePageTests -->
