<?xml version="1.0" encoding="UTF-8"?>
<!-- Generated by org.testng.reporters.JUnitReportReporter -->
<testsuite skipped="0" hostname="DESKTOP-AIPH8JB" name="com.pezala.TestCases.LoginPageTests" tests="1" failures="0" timestamp="25 Apr 2021 11:08:13 GMT" time="31.098" errors="0">
  <testcase name="test1" time="31.098" classname="com.pezala.TestCases.LoginPageTests"/>
</testsuite> <!-- com.pezala.TestCases.LoginPageTests -->
