<?xml version="1.0" encoding="UTF-8"?>
<!-- Generated by org.testng.reporters.JUnitReportReporter -->
<testsuite skipped="0" hostname="DESKTOP-AIPH8JB" name="com.googleSearch.TestCases.GooglePageTests" tests="1" failures="0" timestamp="2021-05-20T20:17:54 IST" time="25.515" errors="0">
  <testcase name="SearhItemsTest" time="25.515" classname="com.googleSearch.TestCases.GooglePageTests"/>
  <system-out/>
</testsuite> <!-- com.googleSearch.TestCases.GooglePageTests -->
